This is pdfTeX, Version 3.141592653-2.6-1.40.25 (TeX Live 2023/Debian) (preloaded format=pdflatex 2025.9.2)  2 JAN 2026 19:03
entering extended mode
 restricted \write18 enabled.
 %&-line parsing enabled.
**courseOutline.tex
(./courseOutline.tex
LaTeX2e <2023-11-01> patch level 1
L3 programming layer <2024-01-22>
(/usr/share/texlive/texmf-dist/tex/latex/base/article.cls
Document Class: article 2023/05/17 v1.4n Standard LaTeX document class
(/usr/share/texlive/texmf-dist/tex/latex/base/size11.clo
File: size11.clo 2023/05/17 v1.4n Standard LaTeX file (size option)
)
\c@part=\count187
\c@section=\count188
\c@subsection=\count189
\c@subsubsection=\count190
\c@paragraph=\count191
\c@subparagraph=\count192
\c@figure=\count193
\c@table=\count194
\abovecaptionskip=\skip48
\belowcaptionskip=\skip49
\bibindent=\dimen140
)
(/usr/share/texlive/texmf-dist/tex/latex/geometry/geometry.sty
Package: geometry 2020/01/02 v5.9 Page Geometry

(/usr/share/texlive/texmf-dist/tex/latex/graphics/keyval.sty
Package: keyval 2022/05/29 v1.15 key=value parser (DPC)
\KV@toks@=\toks17
)
(/usr/share/texlive/texmf-dist/tex/generic/iftex/ifvtex.sty
Package: ifvtex 2019/10/25 v1.7 ifvtex legacy package. Use iftex instead.

(/usr/share/texlive/texmf-dist/tex/generic/iftex/iftex.sty
Package: iftex 2022/02/03 v1.0f TeX engine tests
))
\Gm@cnth=\count195
\Gm@cntv=\count196
\c@Gm@tempcnt=\count197
\Gm@bindingoffset=\dimen141
\Gm@wd@mp=\dimen142
\Gm@odd@mp=\dimen143
\Gm@even@mp=\dimen144
\Gm@layoutwidth=\dimen145
\Gm@layoutheight=\dimen146
\Gm@layouthoffset=\dimen147
\Gm@layoutvoffset=\dimen148
\Gm@dimlist=\toks18
)
(/usr/share/texlive/texmf-dist/tex/latex/tools/tabularx.sty
Package: tabularx 2023/07/08 v2.11c `tabularx' package (DPC)

(/usr/share/texlive/texmf-dist/tex/latex/tools/array.sty
Package: array 2023/10/16 v2.5g Tabular extension package (FMi)
\col@sep=\dimen149
\ar@mcellbox=\box51
\extrarowheight=\dimen150
\NC@list=\toks19
\extratabsurround=\skip50
\backup@length=\skip51
\ar@cellbox=\box52
)
\TX@col@width=\dimen151
\TX@old@table=\dimen152
\TX@old@col=\dimen153
\TX@target=\dimen154
\TX@delta=\dimen155
\TX@cols=\count198
\TX@ftn=\toks20
)
(/usr/share/texlive/texmf-dist/tex/latex/tools/longtable.sty
Package: longtable 2023-11-01 v4.19 Multi-page Table package (DPC)
\LTleft=\skip52
\LTright=\skip53
\LTpre=\skip54
\LTpost=\skip55
\LTchunksize=\count199
\LTcapwidth=\dimen156
\LT@head=\box53
\LT@firsthead=\box54
\LT@foot=\box55
\LT@lastfoot=\box56
\LT@gbox=\box57
\LT@cols=\count266
\LT@rows=\count267
\c@LT@tables=\count268
\c@LT@chunks=\count269
\LT@p@ftn=\toks21
)
(/usr/share/texlive/texmf-dist/tex/latex/booktabs/booktabs.sty
Package: booktabs 2020/01/12 v1.61803398 Publication quality tables
\heavyrulewidth=\dimen157
\lightrulewidth=\dimen158
\cmidrulewidth=\dimen159
\belowrulesep=\dimen160
\belowbottomsep=\dimen161
\aboverulesep=\dimen162
\abovetopsep=\dimen163
\cmidrulesep=\dimen164
\cmidrulekern=\dimen165
\defaultaddspace=\dimen166
\@cmidla=\count270
\@cmidlb=\count271
\@aboverulesep=\dimen167
\@belowrulesep=\dimen168
\@thisruleclass=\count272
\@lastruleclass=\count273
\@thisrulewidth=\dimen169
)
(/usr/share/texlive/texmf-dist/tex/latex/l3backend/l3backend-pdftex.def
File: l3backend-pdftex.def 2024-01-04 L3 backend support: PDF output (pdfTeX)
\l__color_backend_stack_int=\count274
\l__pdf_internal_box=\box58
)
(./courseOutline.aux)
\openout1 = `courseOutline.aux'.

LaTeX Font Info:    Checking defaults for OML/cmm/m/it on input line 15.
LaTeX Font Info:    ... okay on input line 15.
LaTeX Font Info:    Checking defaults for OMS/cmsy/m/n on input line 15.
LaTeX Font Info:    ... okay on input line 15.
LaTeX Font Info:    Checking defaults for OT1/cmr/m/n on input line 15.
LaTeX Font Info:    ... okay on input line 15.
LaTeX Font Info:    Checking defaults for T1/cmr/m/n on input line 15.
LaTeX Font Info:    ... okay on input line 15.
LaTeX Font Info:    Checking defaults for TS1/cmr/m/n on input line 15.
LaTeX Font Info:    ... okay on input line 15.
LaTeX Font Info:    Checking defaults for OMX/cmex/m/n on input line 15.
LaTeX Font Info:    ... okay on input line 15.
LaTeX Font Info:    Checking defaults for U/cmr/m/n on input line 15.
LaTeX Font Info:    ... okay on input line 15.

*geometry* driver: auto-detecting
*geometry* detected driver: pdftex
*geometry* verbose mode - [ preamble ] result:
* driver: pdftex
* paper: <default>
* layout: <same size as paper>
* layoutoffset:(h,v)=(0.0pt,0.0pt)
* modes: 
* h-part:(L,W,R)=(72.26999pt, 469.75502pt, 72.26999pt)
* v-part:(T,H,B)=(72.26999pt, 650.43001pt, 72.26999pt)
* \paperwidth=614.295pt
* \paperheight=794.96999pt
* \textwidth=469.75502pt
* \textheight=650.43001pt
* \oddsidemargin=0.0pt
* \evensidemargin=0.0pt
* \topmargin=-37.0pt
* \headheight=12.0pt
* \headsep=25.0pt
* \topskip=11.0pt
* \footskip=30.0pt
* \marginparwidth=59.0pt
* \marginparsep=10.0pt
* \columnsep=10.0pt
* \skip\footins=10.0pt plus 4.0pt minus 2.0pt
* \hoffset=0.0pt
* \voffset=0.0pt
* \mag=1000
* \@twocolumnfalse
* \@twosidefalse
* \@mparswitchfalse
* \@reversemarginfalse
* (1in=72.27pt=25.4mm, 1cm=28.453pt)

LaTeX Font Info:    External font `cmex10' loaded for size
(Font)              <12> on input line 16.
LaTeX Font Info:    External font `cmex10' loaded for size
(Font)              <8> on input line 16.
LaTeX Font Info:    External font `cmex10' loaded for size
(Font)              <6> on input line 16.

Overfull \hbox (1.70518pt too wide) in paragraph at lines 31--31
 []|\OT1/cmr/bx/n/10.95 Week| 
 []


Underfull \hbox (badness 10000) in paragraph at lines 31--31
[]|\OT1/cmr/bx/n/10.95 Assigned
 []


Underfull \hbox (badness 10000) in paragraph at lines 31--32
[]|\OT1/cmr/bx/n/10.95 Extra
 []


Underfull \hbox (badness 10000) in paragraph at lines 34--34
[]|\OT1/cmr/m/n/10.95 Efficiency, En-
 []


Underfull \hbox (badness 2799) in paragraph at lines 34--34
\OT1/cmr/m/n/10.95 ergy Con-ver-sion,
 []


Underfull \hbox (badness 10000) in paragraph at lines 34--34
\OT1/cmr/m/n/10.95 En-gines, Heat
 []


Underfull \hbox (badness 10000) in paragraph at lines 41--41
[]|\OT1/cmr/m/n/10.95 Pressure, Ideal
 []


Underfull \hbox (badness 10000) in paragraph at lines 42--42
[]|\OT1/cmr/m/n/10.95 Temperature &
 []


Underfull \hbox (badness 1019) in paragraph at lines 44--44
[]|\OT1/cmr/m/n/10.95 Ch 12: 1,
 []


Underfull \hbox (badness 1019) in paragraph at lines 45--46
[]|\OT1/cmr/m/n/10.95 Ch 12: 3,
 []


Underfull \hbox (badness 10000) in paragraph at lines 48--48
[]|\OT1/cmr/m/n/10.95 Specific Heat,
 []


Underfull \hbox (badness 2951) in paragraph at lines 48--48
\OT1/cmr/m/n/10.95 Heats of Trans-
 []


Underfull \hbox (badness 2401) in paragraph at lines 49--49
[]|\OT1/cmr/m/n/10.95 Specific Heat &
 []


Underfull \hbox (badness 10000) in paragraph at lines 55--55
[]|\OT1/cmr/bx/n/10.95 Wednesday
 []


Underfull \hbox (badness 10000) in paragraph at lines 55--55
\OT1/cmr/bx/n/10.95 Midterm,
 []


Underfull \hbox (badness 10000) in paragraph at lines 55--55
\OT1/cmr/bx/n/10.95 Week 1 to
 []


Underfull \hbox (badness 10000) in paragraph at lines 56--56
[]|\OT1/cmr/m/n/10.95 Buoyancy &
 []


Underfull \hbox (badness 10000) in paragraph at lines 56--56
\OT1/cmr/m/n/10.95 Archimedes'
 []


Underfull \hbox (badness 1019) in paragraph at lines 58--58
[]|\OT1/cmr/m/n/10.95 Ch 13: 1,
 []


Underfull \hbox (badness 1019) in paragraph at lines 73--74
[]|\OT1/cmr/m/n/10.95 Ch 15: 2,
 []


Underfull \hbox (badness 1019) in paragraph at lines 80--81
[]|\OT1/cmr/m/n/10.95 Ch 16: 5,
 []


Underfull \hbox (badness 10000) in paragraph at lines 83--83
[]|\OT1/cmr/bx/n/10.95 Wednesday
 []


Underfull \hbox (badness 10000) in paragraph at lines 83--83
\OT1/cmr/bx/n/10.95 Midterm
 []


Underfull \hbox (badness 10000) in paragraph at lines 83--83
\OT1/cmr/bx/n/10.95 (Week 4 to
 []


Underfull \hbox (badness 10000) in paragraph at lines 84--84
[]|\OT1/cmr/m/n/10.95 Diffraction and
 []


Underfull \hbox (badness 10000) in paragraph at lines 84--84
\OT1/cmr/m/n/10.95 In-ter-fer-ence of
 []


Underfull \hbox (badness 1019) in paragraph at lines 86--86
[]|\OT1/cmr/m/n/10.95 Ch 17: 1,
 []


Underfull \hbox (badness 1019) in paragraph at lines 87--88
[]|\OT1/cmr/m/n/10.95 Ch 17: 2,
 []


Underfull \hbox (badness 10000) in paragraph at lines 91--91
[]|\OT1/cmr/m/n/10.95 Refraction of
 []


Underfull \hbox (badness 1019) in paragraph at lines 94--95
[]|\OT1/cmr/m/n/10.95 Ch 18: 3,
 []


Underfull \hbox (badness 10000) in paragraph at lines 97--97
[]|\OT1/cmr/m/n/10.95 Optical In-stru-
 []


Underfull \hbox (badness 10000) in paragraph at lines 98--98
[]|\OT1/cmr/m/n/10.95 Thin (Sim-ple)
 []


Underfull \hbox (badness 1019) in paragraph at lines 100--100
[]|\OT1/cmr/m/n/10.95 Ch 19: 9,
 []


Overfull \hbox (27.16481pt too wide) in alignment at lines 29--103
 [] [] [] [] [] [] [] 
 []

[1

{/var/lib/texmf/fonts/map/pdftex/updmap/pdftex.map}] [2{/usr/share/texmf/fonts/
enc/dvips/cm-super/cm-super-ts1.enc}] (./courseOutline.aux)
 ***********
LaTeX2e <2023-11-01> patch level 1
L3 programming layer <2024-01-22>
 ***********
 ) 
Here is how much of TeX's memory you used:
 1356 strings out of 474222
 22384 string characters out of 5748734
 1950975 words of memory out of 5000000
 23651 multiletter control sequences out of 15000+600000
 562053 words of font info for 49 fonts, out of 8000000 for 9000
 1141 hyphenation exceptions out of 8191
 57i,6n,65p,193b,260s stack positions out of 10000i,1000n,20000p,200000b,200000s
</usr/share/texlive/texmf-dist/fonts/type1/public/amsfonts/cm/cmbx10.pfb></us
r/share/texlive/texmf-dist/fonts/type1/public/amsfonts/cm/cmr10.pfb></usr/share
/texlive/texmf-dist/fonts/type1/public/amsfonts/cm/cmr12.pfb></usr/share/texliv
e/texmf-dist/fonts/type1/public/amsfonts/cm/cmr17.pfb></usr/share/texmf/fonts/t
ype1/public/cm-super/sfrm1095.pfb>
Output written on courseOutline.pdf (2 pages, 73520 bytes).
PDF statistics:
 37 PDF objects out of 1000 (max. 8388607)
 22 compressed objects within 1 object stream
 0 named destinations out of 1000 (max. 500000)
 1 words of extra memory for PDF output out of 10000 (max. 10000000)

